<?xml version="1.0" encoding="UTF-8" standalone="yes"?><!DOCTYPE report PUBLIC "-//JACOCO//DTD Report 1.0//EN" "report.dtd"><report name="CS410J Phone Bill Project"><sessioninfo id="Randys-MacBook-Pro.local-c7069106" start="1530588486375" dump="1530588487134"/><sessioninfo id="Randys-MacBook-Pro.local-ab515f4d" start="1530588619601" dump="1530588620295"/><sessioninfo id="Randys-MacBook-Pro.local-8857007c" start="1530588859633" dump="1530588860307"/><sessioninfo id="Randys-MacBook-Pro.local-25e0abeb" start="1530588984736" dump="1530588985405"/><sessioninfo id="Randys-MacBook-Pro.local-27f69eaa" start="1530589056105" dump="1530589056595"/><sessioninfo id="Randys-MacBook-Pro.local-48ab80ef" start="1530589076066" dump="1530589076587"/><sessioninfo id="Randys-MacBook-Pro.local-d742d10e" start="1530589763343" dump="1530589764053"/><package name="edu/pdx/cs410J/rr8"><class name="edu/pdx/cs410J/rr8/Project1"><method name="&lt;init&gt;" desc="()V" line="12"><counter type="INSTRUCTION" missed="3" covered="0"/><counter type="LINE" missed="1" covered="0"/><counter type="COMPLEXITY" missed="1" covered="0"/><counter type="METHOD" missed="1" covered="0"/></method><method name="main" desc="([Ljava/lang/String;)V" line="15"><counter type="INSTRUCTION" missed="21" covered="117"/><counter type="BRANCH" missed="9" covered="11"/><counter type="LINE" missed="11" covered="29"/><counter type="COMPLEXITY" missed="9" covered="2"/><counter type="METHOD" missed="0" covered="1"/></method><method name="parseOptions" desc="([Ljava/lang/String;Ljava/util/List;Ljava/util/List;)Z" line="74"><counter type="INSTRUCTION" missed="7" covered="30"/><counter type="BRANCH" missed="2" covered="4"/><counter type="LINE" missed="2" covered="5"/><counter type="COMPLEXITY" missed="2" covered="2"/><counter type="METHOD" missed="0" covered="1"/></method><method name="implementOptions" desc="(Ljava/util/List;Ledu/pdx/cs410J/rr8/PhoneCall;)V" line="88"><counter type="INSTRUCTION" missed="26" covered="0"/><counter type="BRANCH" missed="6" covered="0"/><counter type="LINE" missed="7" covered="0"/><counter type="COMPLEXITY" missed="4" covered="0"/><counter type="METHOD" missed="1" covered="0"/></method><method name="validateArgs" desc="(Ljava/util/List;)V" line="98"><counter type="INSTRUCTION" missed="12" covered="19"/><counter type="BRANCH" missed="3" covered="5"/><counter type="LINE" missed="5" covered="5"/><counter type="COMPLEXITY" missed="3" covered="2"/><counter type="METHOD" missed="0" covered="1"/></method><method name="displayReadme" desc="()V" line="116"><counter type="INSTRUCTION" missed="6" covered="0"/><counter type="LINE" missed="3" covered="0"/><counter type="COMPLEXITY" missed="1" covered="0"/><counter type="METHOD" missed="1" covered="0"/></method><counter type="INSTRUCTION" missed="75" covered="166"/><counter type="BRANCH" missed="20" covered="20"/><counter type="LINE" missed="29" covered="39"/><counter type="COMPLEXITY" missed="20" covered="6"/><counter type="METHOD" missed="3" covered="3"/><counter type="CLASS" missed="0" covered="1"/></class><class name="edu/pdx/cs410J/rr8/PhoneCall"><method name="&lt;init&gt;" desc="()V" line="9"><counter type="INSTRUCTION" missed="0" covered="3"/><counter type="LINE" missed="0" covered="1"/><counter type="COMPLEXITY" missed="0" covered="1"/><counter type="METHOD" missed="0" covered="1"/></method><method name="getCaller" desc="()Ljava/lang/String;" line="19"><counter type="INSTRUCTION" missed="3" covered="0"/><counter type="LINE" missed="1" covered="0"/><counter type="COMPLEXITY" missed="1" covered="0"/><counter type="METHOD" missed="1" covered="0"/></method><method name="getCallee" desc="()Ljava/lang/String;" line="24"><counter type="INSTRUCTION" missed="3" covered="0"/><counter type="LINE" missed="1" covered="0"/><counter type="COMPLEXITY" missed="1" covered="0"/><counter type="METHOD" missed="1" covered="0"/></method><method name="getStartTimeString" desc="()Ljava/lang/String;" line="29"><counter type="INSTRUCTION" missed="3" covered="0"/><counter type="LINE" missed="1" covered="0"/><counter type="COMPLEXITY" missed="1" covered="0"/><counter type="METHOD" missed="1" covered="0"/></method><method name="getEndTimeString" desc="()Ljava/lang/String;" line="34"><counter type="INSTRUCTION" missed="3" covered="0"/><counter type="LINE" missed="1" covered="0"/><counter type="COMPLEXITY" missed="1" covered="0"/><counter type="METHOD" missed="1" covered="0"/></method><method name="getStartDate" desc="()Ljava/lang/String;" line="38"><counter type="INSTRUCTION" missed="3" covered="0"/><counter type="LINE" missed="1" covered="0"/><counter type="COMPLEXITY" missed="1" covered="0"/><counter type="METHOD" missed="1" covered="0"/></method><method name="getEndDate" desc="()Ljava/lang/String;" line="42"><counter type="INSTRUCTION" missed="3" covered="0"/><counter type="LINE" missed="1" covered="0"/><counter type="COMPLEXITY" missed="1" covered="0"/><counter type="METHOD" missed="1" covered="0"/></method><method name="setCaller" desc="(Ljava/lang/String;)V" line="46"><counter type="INSTRUCTION" missed="0" covered="4"/><counter type="LINE" missed="0" covered="2"/><counter type="COMPLEXITY" missed="0" covered="1"/><counter type="METHOD" missed="0" covered="1"/></method><method name="setCallee" desc="(Ljava/lang/String;)V" line="50"><counter type="INSTRUCTION" missed="0" covered="4"/><counter type="LINE" missed="0" covered="2"/><counter type="COMPLEXITY" missed="0" covered="1"/><counter type="METHOD" missed="0" covered="1"/></method><method name="setStartDate" desc="(Ljava/lang/String;)V" line="54"><counter type="INSTRUCTION" missed="0" covered="4"/><counter type="LINE" missed="0" covered="2"/><counter type="COMPLEXITY" missed="0" covered="1"/><counter type="METHOD" missed="0" covered="1"/></method><method name="setStartTime" desc="(Ljava/lang/String;)V" line="58"><counter type="INSTRUCTION" missed="0" covered="4"/><counter type="LINE" missed="0" covered="2"/><counter type="COMPLEXITY" missed="0" covered="1"/><counter type="METHOD" missed="0" covered="1"/></method><method name="setEndDate" desc="(Ljava/lang/String;)V" line="62"><counter type="INSTRUCTION" missed="0" covered="4"/><counter type="LINE" missed="0" covered="2"/><counter type="COMPLEXITY" missed="0" covered="1"/><counter type="METHOD" missed="0" covered="1"/></method><method name="setEndTime" desc="(Ljava/lang/String;)V" line="66"><counter type="INSTRUCTION" missed="0" covered="4"/><counter type="LINE" missed="0" covered="2"/><counter type="COMPLEXITY" missed="0" covered="1"/><counter type="METHOD" missed="0" covered="1"/></method><method name="isValidPhoneNumber" desc="(Ljava/lang/String;)Z" line="70"><counter type="INSTRUCTION" missed="10" covered="25"/><counter type="BRANCH" missed="4" covered="4"/><counter type="LINE" missed="4" covered="4"/><counter type="COMPLEXITY" missed="4" covered="1"/><counter type="METHOD" missed="0" covered="1"/></method><method name="isValidDate" desc="(Ljava/lang/String;)Z" line="87"><counter type="INSTRUCTION" missed="21" covered="51"/><counter type="BRANCH" missed="6" covered="2"/><counter type="LINE" missed="5" covered="11"/><counter type="COMPLEXITY" missed="4" covered="1"/><counter type="METHOD" missed="0" covered="1"/></method><method name="isValidTime" desc="(Ljava/lang/String;)Z" line="111"><counter type="INSTRUCTION" missed="9" covered="33"/><counter type="BRANCH" missed="2" covered="2"/><counter type="LINE" missed="4" covered="7"/><counter type="COMPLEXITY" missed="2" covered="1"/><counter type="METHOD" missed="0" covered="1"/></method><counter type="INSTRUCTION" missed="58" covered="136"/><counter type="BRANCH" missed="12" covered="8"/><counter type="LINE" missed="19" covered="35"/><counter type="COMPLEXITY" missed="16" covered="10"/><counter type="METHOD" missed="6" covered="10"/><counter type="CLASS" missed="0" covered="1"/></class><class name="edu/pdx/cs410J/rr8/PhoneBill"><method name="&lt;init&gt;" desc="(Ljava/lang/String;)V" line="9"><counter type="INSTRUCTION" missed="0" covered="11"/><counter type="LINE" missed="0" covered="4"/><counter type="COMPLEXITY" missed="0" covered="1"/><counter type="METHOD" missed="0" covered="1"/></method><method name="getCustomer" desc="()Ljava/lang/String;" line="18"><counter type="INSTRUCTION" missed="3" covered="0"/><counter type="LINE" missed="1" covered="0"/><counter type="COMPLEXITY" missed="1" covered="0"/><counter type="METHOD" missed="1" covered="0"/></method><method name="addPhoneCall" desc="(Ledu/pdx/cs410J/rr8/PhoneCall;)V" line="23"><counter type="INSTRUCTION" missed="0" covered="6"/><counter type="LINE" missed="0" covered="2"/><counter type="COMPLEXITY" missed="0" covered="1"/><counter type="METHOD" missed="0" covered="1"/></method><method name="getPhoneCalls" desc="()Ljava/util/Collection;" line="28"><counter type="INSTRUCTION" missed="3" covered="0"/><counter type="LINE" missed="1" covered="0"/><counter type="COMPLEXITY" missed="1" covered="0"/><counter type="METHOD" missed="1" covered="0"/></method><counter type="INSTRUCTION" missed="6" covered="17"/><counter type="LINE" missed="2" covered="6"/><counter type="COMPLEXITY" missed="2" covered="2"/><counter type="METHOD" missed="2" covered="2"/><counter type="CLASS" missed="0" covered="1"/></class><sourcefile name="Project1.java"><line nr="12" mi="3" ci="0" mb="0" cb="0"/><line nr="15" mi="0" ci="9" mb="1" cb="3"/><line nr="16" mi="1" ci="0" mb="0" cb="0"/><line nr="18" mi="0" ci="2" mb="0" cb="0"/><line nr="19" mi="0" ci="4" mb="0" cb="0"/><line nr="20" mi="0" ci="4" mb="0" cb="0"/><line nr="22" mi="0" ci="5" mb="1" cb="1"/><line nr="23" mi="2" ci="0" mb="0" cb="0"/><line nr="28" mi="0" ci="2" mb="0" cb="0"/><line nr="29" mi="0" ci="5" mb="0" cb="0"/><line nr="30" mi="0" ci="5" mb="0" cb="0"/><line nr="31" mi="0" ci="5" mb="0" cb="0"/><line nr="32" mi="0" ci="5" mb="0" cb="0"/><line nr="33" mi="0" ci="5" mb="0" cb="0"/><line nr="34" mi="0" ci="5" mb="0" cb="0"/><line nr="35" mi="0" ci="5" mb="0" cb="0"/><line nr="37" mi="0" ci="4" mb="0" cb="0"/><line nr="38" mi="0" ci="3" mb="0" cb="0"/><line nr="39" mi="0" ci="3" mb="0" cb="0"/><line nr="40" mi="0" ci="3" mb="0" cb="0"/><line nr="41" mi="0" ci="3" mb="0" cb="0"/><line nr="42" mi="0" ci="3" mb="0" cb="0"/><line nr="43" mi="0" ci="3" mb="0" cb="0"/><line nr="45" mi="0" ci="4" mb="1" cb="1"/><line nr="46" mi="2" ci="0" mb="0" cb="0"/><line nr="48" mi="0" ci="4" mb="1" cb="1"/><line nr="49" mi="2" ci="0" mb="0" cb="0"/><line nr="51" mi="0" ci="4" mb="1" cb="1"/><line nr="52" mi="2" ci="0" mb="0" cb="0"/><line nr="54" mi="0" ci="4" mb="1" cb="1"/><line nr="55" mi="2" ci="0" mb="0" cb="0"/><line nr="57" mi="0" ci="4" mb="1" cb="1"/><line nr="58" mi="2" ci="0" mb="0" cb="0"/><line nr="60" mi="0" ci="4" mb="1" cb="1"/><line nr="61" mi="2" ci="0" mb="0" cb="0"/><line nr="63" mi="0" ci="2" mb="1" cb="1"/><line nr="64" mi="3" ci="0" mb="0" cb="0"/><line nr="67" mi="0" ci="5" mb="0" cb="0"/><line nr="68" mi="0" ci="3" mb="0" cb="0"/><line nr="70" mi="2" ci="0" mb="0" cb="0"/><line nr="71" mi="1" ci="0" mb="0" cb="0"/><line nr="74" mi="0" ci="16" mb="0" cb="2"/><line nr="75" mi="0" ci="5" mb="1" cb="1"/><line nr="76" mi="5" ci="0" mb="0" cb="0"/><line nr="78" mi="0" ci="4" mb="0" cb="0"/><line nr="81" mi="0" ci="3" mb="1" cb="1"/><line nr="82" mi="0" ci="2" mb="0" cb="0"/><line nr="84" mi="2" ci="0" mb="0" cb="0"/><line nr="88" mi="10" ci="0" mb="2" cb="0"/><line nr="89" mi="4" ci="0" mb="2" cb="0"/><line nr="90" mi="5" ci="0" mb="0" cb="0"/><line nr="91" mi="4" ci="0" mb="2" cb="0"/><line nr="92" mi="1" ci="0" mb="0" cb="0"/><line nr="94" mi="1" ci="0" mb="0" cb="0"/><line nr="95" mi="1" ci="0" mb="0" cb="0"/><line nr="98" mi="0" ci="3" mb="0" cb="2"/><line nr="99" mi="0" ci="3" mb="0" cb="0"/><line nr="100" mi="2" ci="0" mb="0" cb="0"/><line nr="102" mi="0" ci="8" mb="2" cb="2"/><line nr="103" mi="3" ci="0" mb="0" cb="0"/><line nr="104" mi="2" ci="0" mb="0" cb="0"/><line nr="106" mi="0" ci="4" mb="1" cb="1"/><line nr="107" mi="3" ci="0" mb="0" cb="0"/><line nr="108" mi="2" ci="0" mb="0" cb="0"/><line nr="113" mi="0" ci="1" mb="0" cb="0"/><line nr="116" mi="3" ci="0" mb="0" cb="0"/><line nr="120" mi="2" ci="0" mb="0" cb="0"/><line nr="121" mi="1" ci="0" mb="0" cb="0"/><counter type="INSTRUCTION" missed="75" covered="166"/><counter type="BRANCH" missed="20" covered="20"/><counter type="LINE" missed="29" covered="39"/><counter type="COMPLEXITY" missed="20" covered="6"/><counter type="METHOD" missed="3" covered="3"/><counter type="CLASS" missed="0" covered="1"/></sourcefile><sourcefile name="PhoneCall.java"><line nr="9" mi="0" ci="3" mb="0" cb="0"/><line nr="19" mi="3" ci="0" mb="0" cb="0"/><line nr="24" mi="3" ci="0" mb="0" cb="0"/><line nr="29" mi="3" ci="0" mb="0" cb="0"/><line nr="34" mi="3" ci="0" mb="0" cb="0"/><line nr="38" mi="3" ci="0" mb="0" cb="0"/><line nr="42" mi="3" ci="0" mb="0" cb="0"/><line nr="46" mi="0" ci="3" mb="0" cb="0"/><line nr="47" mi="0" ci="1" mb="0" cb="0"/><line nr="50" mi="0" ci="3" mb="0" cb="0"/><line nr="51" mi="0" ci="1" mb="0" cb="0"/><line nr="54" mi="0" ci="3" mb="0" cb="0"/><line nr="55" mi="0" ci="1" mb="0" cb="0"/><line nr="58" mi="0" ci="3" mb="0" cb="0"/><line nr="59" mi="0" ci="1" mb="0" cb="0"/><line nr="62" mi="0" ci="3" mb="0" cb="0"/><line nr="63" mi="0" ci="1" mb="0" cb="0"/><line nr="66" mi="0" ci="3" mb="0" cb="0"/><line nr="67" mi="0" ci="1" mb="0" cb="0"/><line nr="70" mi="0" ci="14" mb="3" cb="3"/><line nr="71" mi="3" ci="0" mb="0" cb="0"/><line nr="73" mi="2" ci="0" mb="0" cb="0"/><line nr="75" mi="0" ci="5" mb="0" cb="0"/><line nr="76" mi="0" ci="4" mb="1" cb="1"/><line nr="77" mi="3" ci="0" mb="0" cb="0"/><line nr="79" mi="2" ci="0" mb="0" cb="0"/><line nr="82" mi="0" ci="2" mb="0" cb="0"/><line nr="87" mi="0" ci="5" mb="0" cb="0"/><line nr="88" mi="0" ci="5" mb="0" cb="0"/><line nr="89" mi="0" ci="5" mb="0" cb="0"/><line nr="90" mi="0" ci="5" mb="0" cb="0"/><line nr="91" mi="0" ci="4" mb="0" cb="0"/><line nr="92" mi="0" ci="4" mb="0" cb="0"/><line nr="93" mi="0" ci="4" mb="0" cb="0"/><line nr="94" mi="0" ci="4" mb="0" cb="0"/><line nr="96" mi="2" ci="12" mb="2" cb="2"/><line nr="97" mi="10" ci="0" mb="4" cb="0"/><line nr="98" mi="3" ci="0" mb="0" cb="0"/><line nr="100" mi="2" ci="0" mb="0" cb="0"/><line nr="102" mi="1" ci="0" mb="0" cb="0"/><line nr="103" mi="3" ci="0" mb="0" cb="0"/><line nr="104" mi="0" ci="1" mb="0" cb="0"/><line nr="106" mi="0" ci="2" mb="0" cb="0"/><line nr="111" mi="0" ci="5" mb="0" cb="0"/><line nr="112" mi="0" ci="5" mb="0" cb="0"/><line nr="113" mi="0" ci="4" mb="0" cb="0"/><line nr="114" mi="0" ci="4" mb="0" cb="0"/><line nr="116" mi="0" ci="12" mb="2" cb="2"/><line nr="117" mi="3" ci="0" mb="0" cb="0"/><line nr="118" mi="2" ci="0" mb="0" cb="0"/><line nr="120" mi="1" ci="0" mb="0" cb="0"/><line nr="121" mi="3" ci="0" mb="0" cb="0"/><line nr="122" mi="0" ci="1" mb="0" cb="0"/><line nr="124" mi="0" ci="2" mb="0" cb="0"/><counter type="INSTRUCTION" missed="58" covered="136"/><counter type="BRANCH" missed="12" covered="8"/><counter type="LINE" missed="19" covered="35"/><counter type="COMPLEXITY" missed="16" covered="10"/><counter type="METHOD" missed="6" covered="10"/><counter type="CLASS" missed="0" covered="1"/></sourcefile><sourcefile name="PhoneBill.java"><line nr="9" mi="0" ci="5" mb="0" cb="0"/><line nr="12" mi="0" ci="2" mb="0" cb="0"/><line nr="13" mi="0" ci="3" mb="0" cb="0"/><line nr="14" mi="0" ci="1" mb="0" cb="0"/><line nr="18" mi="3" ci="0" mb="0" cb="0"/><line nr="23" mi="0" ci="5" mb="0" cb="0"/><line nr="24" mi="0" ci="1" mb="0" cb="0"/><line nr="28" mi="3" ci="0" mb="0" cb="0"/><counter type="INSTRUCTION" missed="6" covered="17"/><counter type="LINE" missed="2" covered="6"/><counter type="COMPLEXITY" missed="2" covered="2"/><counter type="METHOD" missed="2" covered="2"/><counter type="CLASS" missed="0" covered="1"/></sourcefile><counter type="INSTRUCTION" missed="139" covered="319"/><counter type="BRANCH" missed="32" covered="28"/><counter type="LINE" missed="50" covered="80"/><counter type="COMPLEXITY" missed="38" covered="18"/><counter type="METHOD" missed="11" covered="15"/><counter type="CLASS" missed="0" covered="3"/></package><counter type="INSTRUCTION" missed="139" covered="319"/><counter type="BRANCH" missed="32" covered="28"/><counter type="LINE" missed="50" covered="80"/><counter type="COMPLEXITY" missed="38" covered="18"/><counter type="METHOD" missed="11" covered="15"/><counter type="CLASS" missed="0" covered="3"/></report>