<?xml version="1.0" encoding="UTF-8"?>
<testsuite xmlns:xsi="http://www.w3.org/2001/XMLSchema-instance" xsi:noNamespaceSchemaLocation="https://maven.apache.org/surefire/maven-failsafe-plugin/xsd/failsafe-test-report.xsd" name="edu.pdx.cs410J.rr8.Project1IT" time="0.201" tests="5" errors="0" skipped="0" failures="0">
  <properties>
[...]
</properties>
  <testcase name="dashReadmeOptionPrintsOnlyReadme" classname="edu.pdx.cs410J.rr8.Project1IT" time="0.026"/>
  <testcase name="validCommandLineWithNoDashPrintOptionPrintsNothingToStandardOut" classname="edu.pdx.cs410J.rr8.Project1IT" time="0.042"/>
  <testcase name="dashPrintOptionsPrintsNewlyCreatedPhoneCall" classname="edu.pdx.cs410J.rr8.Project1IT" time="0.06"/>
  <testcase name="testNoCommandLineArguments" classname="edu.pdx.cs410J.rr8.Project1IT" time="0.003"/>
  <testcase name="testCorrectCommandLineArguments" classname="edu.pdx.cs410J.rr8.Project1IT" time="0.003"/>
</testsuite>